<?xml version="1.0" encoding="UTF-8"?>
<!-- Generated by org.testng.reporters.JUnitReportReporter -->
<testsuite hostname="DESKTOP-KV9GJCK" failures="0" tests="1" name="Test.ZerodaSignUpTest" time="11.910" errors="0" timestamp="2022-06-09T14:49:46 IST" skipped="0">
  <testcase classname="Test.ZerodaSignUpTest" name="SignupTest" time="11.910"/>
  <system-out/>
</testsuite> <!-- Test.ZerodaSignUpTest -->
