<?xml version="1.0" encoding="UTF-8"?>
<!-- Generated by org.testng.reporters.JUnitReportReporter -->
<testsuite hostname="DESKTOP-KV9GJCK" failures="0" tests="1" name="Test.ZerodaSignUpTest1" time="23.535" errors="0" timestamp="2022-06-09T16:36:54 IST" skipped="0">
  <testcase classname="Test.ZerodaSignUpTest1" name="SignupTest1" time="23.535"/>
  <system-out/>
</testsuite> <!-- Test.ZerodaSignUpTest1 -->
