<?xml version="1.0" encoding="UTF-8"?>
<!-- Generated by org.testng.reporters.JUnitReportReporter -->
<testsuite hostname="DESKTOP-KV9GJCK" failures="0" tests="1" name="Test.ZerodaDashboardloginPageTest" time="33.161" errors="0" timestamp="2022-06-10T23:51:08 IST" skipped="0">
  <testcase classname="Test.ZerodaDashboardloginPageTest" name="purchaseShareACC" time="33.161"/>
  <system-out/>
</testsuite> <!-- Test.ZerodaDashboardloginPageTest -->
