<?xml version="1.0" encoding="UTF-8"?>
<!-- Generated by org.testng.reporters.JUnitReportReporter -->
<testsuite hostname="DESKTOP-KV9GJCK" failures="0" tests="2" name="Test.ZerodaLoginPageTest" time="0.014" errors="0" timestamp="2022-06-04T15:13:11 IST" skipped="0">
  <testcase classname="Test.ZerodaLoginPageTest" name="test1" time="0.010"/>
  <system-out/>
  <testcase classname="Test.ZerodaLoginPageTest" name="test2" time="0.004"/>
  <system-out/>
</testsuite> <!-- Test.ZerodaLoginPageTest -->
