<?xml version="1.0" encoding="UTF-8"?>
<!-- Generated by org.testng.reporters.JUnitReportReporter -->
<testsuite hostname="DESKTOP-KV9GJCK" failures="0" tests="3" name="Test.ZerodaLoginPageTest1" time="40.611" errors="0" timestamp="2022-06-06T19:35:40 IST" skipped="0">
  <testcase classname="Test.ZerodaLoginPageTest1" name="ForgotpasswordTest" time="11.716"/>
  <system-out/>
  <testcase classname="Test.ZerodaLoginPageTest1" name="SignupLinkTest" time="11.943"/>
  <system-out/>
  <testcase classname="Test.ZerodaLoginPageTest1" name="loginWithValidCredentialsTest" time="16.952"/>
  <system-out/>
</testsuite> <!-- Test.ZerodaLoginPageTest1 -->
