<?xml version="1.0" encoding="UTF-8"?>
<!-- Generated by org.testng.reporters.JUnitReportReporter -->
<testsuite hostname="DESKTOP-KV9GJCK" failures="0" tests="1" name="Test.ZerodaPinPageTest" time="18.193" errors="0" timestamp="2022-06-09T13:59:49 IST" skipped="0">
  <testcase classname="Test.ZerodaPinPageTest" name="LoginWithzerodaWithPinTest" time="18.193"/>
  <system-out/>
</testsuite> <!-- Test.ZerodaPinPageTest -->
